Using OneLockBlockingQueue
Pre-allocate with 100000000 elements
Using Allocator
Allocating objects of size : 16
n_producers = 4
n_consumers = 4
Producer data
thread_id, produced, total_time
0, 4902210, 30.0003
1, 4835823, 30.0003
2, 4868768, 30
3, 4811736, 30.0002
Consumer data
thread_id, consumed, failed, total_time
0, 5012585, 21373, 30.0001
1, 4671787, 21069, 29.9999
2, 4750618, 21183, 29.9999
3, 4983431, 21263, 29.9999
Total produced = 19418537
Total consumed = 19418421
Total failed = 84888
Total throughput = 1294565
